ARM GAS  /tmp/cc5zxEjg.s 			page 1


   1              		.cpu cortex-m4
   2              		.eabi_attribute 27, 1
   3              		.eabi_attribute 28, 1
   4              		.eabi_attribute 20, 1
   5              		.eabi_attribute 21, 1
   6              		.eabi_attribute 23, 3
   7              		.eabi_attribute 24, 1
   8              		.eabi_attribute 25, 1
   9              		.eabi_attribute 26, 1
  10              		.eabi_attribute 30, 1
  11              		.eabi_attribute 34, 1
  12              		.eabi_attribute 18, 4
  13              		.file	"app_usbd_hid.c"
  14              		.text
  15              	.Ltext0:
  16              		.cfi_sections	.debug_frame
  17              	.Letext0:
ARM GAS  /tmp/cc5zxEjg.s 			page 2


DEFINED SYMBOLS
                            *ABS*:0000000000000000 app_usbd_hid.c
                           .group:0000000000000000 wm4.0.0f5aa60db9403f389c005f20ecce4286
                           .group:0000000000000000 wm4.cpu_def.h.38.62e1879f94f24d5b5182423fffda92eb
                           .group:0000000000000000 wm4.cpu_cfg.h.37.61d447a4088a9464975c0420b1b07599
                           .group:0000000000000000 wm4.cpu.h.163.dbda822aaf8c6fbf8004220e061ba44c
                           .group:0000000000000000 wm4.lib_def.h.58.82de0d462e2c98956b7e1ff102526f46
                           .group:0000000000000000 wm4.app_cfg.h.2.3789fd7c8d66f929dd6bfa573df583d0
                           .group:0000000000000000 wm4.app_usbd.h.63.893b725fc5d8a9b0b15a264326bd96ae

NO UNDEFINED SYMBOLS
