ARM GAS  /tmp/ccDk7j4k.s 			page 1


   1              		.cpu cortex-m4
   2              		.eabi_attribute 27, 1
   3              		.eabi_attribute 28, 1
   4              		.eabi_attribute 20, 1
   5              		.eabi_attribute 21, 1
   6              		.eabi_attribute 23, 3
   7              		.eabi_attribute 24, 1
   8              		.eabi_attribute 25, 1
   9              		.eabi_attribute 26, 1
  10              		.eabi_attribute 30, 1
  11              		.eabi_attribute 34, 1
  12              		.eabi_attribute 18, 4
  13              		.file	"os_cfg_app.c"
  14              		.text
  15              	.Ltext0:
  16              		.cfi_sections	.debug_frame
  17              		.section	.text.OSCfg_Init,"ax",%progbits
  18              		.align	1
  19              		.global	OSCfg_Init
  20              		.arch armv7e-m
  21              		.syntax unified
  22              		.thumb
  23              		.thumb_func
  24              		.fpu fpv4-sp-d16
  26              	OSCfg_Init:
  27              	.LFB0:
  28              		.file 1 "rtos/uCOS-III/Source/os_cfg_app.c"
   1:rtos/uCOS-III/Source/os_cfg_app.c **** /*
   2:rtos/uCOS-III/Source/os_cfg_app.c **** ***************************************************************************************************
   3:rtos/uCOS-III/Source/os_cfg_app.c **** *                                                uC/OS-III
   4:rtos/uCOS-III/Source/os_cfg_app.c **** *                                          The Real-Time Kernel
   5:rtos/uCOS-III/Source/os_cfg_app.c **** *
   6:rtos/uCOS-III/Source/os_cfg_app.c **** *                         (c) Copyright 2009-2019; Silicon Laboratories Inc.,
   7:rtos/uCOS-III/Source/os_cfg_app.c **** *                                400 W. Cesar Chavez, Austin, TX 78701
   8:rtos/uCOS-III/Source/os_cfg_app.c **** *
   9:rtos/uCOS-III/Source/os_cfg_app.c **** *                   All rights reserved. Protected by international copyright laws.
  10:rtos/uCOS-III/Source/os_cfg_app.c **** *
  11:rtos/uCOS-III/Source/os_cfg_app.c **** *                  Your use of this software is subject to your acceptance of the terms
  12:rtos/uCOS-III/Source/os_cfg_app.c **** *                  of a Silicon Labs Micrium software license, which can be obtained by
  13:rtos/uCOS-III/Source/os_cfg_app.c **** *                  contacting info@micrium.com. If you do not agree to the terms of this
  14:rtos/uCOS-III/Source/os_cfg_app.c **** *                  license, you may not use this software.
  15:rtos/uCOS-III/Source/os_cfg_app.c **** *
  16:rtos/uCOS-III/Source/os_cfg_app.c **** *                  Please help us continue to provide the Embedded community with the finest
  17:rtos/uCOS-III/Source/os_cfg_app.c **** *                  software available. Your honesty is greatly appreciated.
  18:rtos/uCOS-III/Source/os_cfg_app.c **** *
  19:rtos/uCOS-III/Source/os_cfg_app.c **** *                    You can find our product's documentation at: doc.micrium.com
  20:rtos/uCOS-III/Source/os_cfg_app.c **** *
  21:rtos/uCOS-III/Source/os_cfg_app.c **** *                          For more information visit us at: www.micrium.com
  22:rtos/uCOS-III/Source/os_cfg_app.c **** ***************************************************************************************************
  23:rtos/uCOS-III/Source/os_cfg_app.c **** */
  24:rtos/uCOS-III/Source/os_cfg_app.c **** 
  25:rtos/uCOS-III/Source/os_cfg_app.c **** /*
  26:rtos/uCOS-III/Source/os_cfg_app.c **** ***************************************************************************************************
  27:rtos/uCOS-III/Source/os_cfg_app.c **** *                               OS CONFIGURATION (APPLICATION SPECIFICS)
  28:rtos/uCOS-III/Source/os_cfg_app.c **** *
  29:rtos/uCOS-III/Source/os_cfg_app.c **** * File    : os_cfg_app.c
  30:rtos/uCOS-III/Source/os_cfg_app.c **** * Version : V3.07.04
ARM GAS  /tmp/ccDk7j4k.s 			page 2


  31:rtos/uCOS-III/Source/os_cfg_app.c **** ***************************************************************************************************
  32:rtos/uCOS-III/Source/os_cfg_app.c **** * Note(s) : DO NOT CHANGE THIS FILE!
  33:rtos/uCOS-III/Source/os_cfg_app.c **** ***************************************************************************************************
  34:rtos/uCOS-III/Source/os_cfg_app.c **** */
  35:rtos/uCOS-III/Source/os_cfg_app.c **** 
  36:rtos/uCOS-III/Source/os_cfg_app.c **** #define  MICRIUM_SOURCE
  37:rtos/uCOS-III/Source/os_cfg_app.c **** #include <os_cfg_app.h>
  38:rtos/uCOS-III/Source/os_cfg_app.c **** #include "os.h"
  39:rtos/uCOS-III/Source/os_cfg_app.c **** 
  40:rtos/uCOS-III/Source/os_cfg_app.c **** #ifdef VSC_INCLUDE_SOURCE_FILE_NAMES
  41:rtos/uCOS-III/Source/os_cfg_app.c **** const  CPU_CHAR  *os_cfg_app__c = "$Id: $";
  42:rtos/uCOS-III/Source/os_cfg_app.c **** #endif
  43:rtos/uCOS-III/Source/os_cfg_app.c **** 
  44:rtos/uCOS-III/Source/os_cfg_app.c **** #if (OS_CFG_TASK_IDLE_EN > 0u)
  45:rtos/uCOS-III/Source/os_cfg_app.c **** #define  OS_CFG_IDLE_TASK_STK_LIMIT      ((OS_CFG_IDLE_TASK_STK_SIZE  * OS_CFG_TASK_STK_LIMIT_PCT_E
  46:rtos/uCOS-III/Source/os_cfg_app.c **** #endif
  47:rtos/uCOS-III/Source/os_cfg_app.c **** 
  48:rtos/uCOS-III/Source/os_cfg_app.c **** #if (OS_CFG_STAT_TASK_EN > 0u)
  49:rtos/uCOS-III/Source/os_cfg_app.c **** #define  OS_CFG_STAT_TASK_STK_LIMIT      ((OS_CFG_STAT_TASK_STK_SIZE  * OS_CFG_TASK_STK_LIMIT_PCT_E
  50:rtos/uCOS-III/Source/os_cfg_app.c **** #endif
  51:rtos/uCOS-III/Source/os_cfg_app.c **** 
  52:rtos/uCOS-III/Source/os_cfg_app.c **** #if (OS_CFG_TMR_EN > 0u)
  53:rtos/uCOS-III/Source/os_cfg_app.c **** #define  OS_CFG_TMR_TASK_STK_LIMIT       ((OS_CFG_TMR_TASK_STK_SIZE   * OS_CFG_TASK_STK_LIMIT_PCT_E
  54:rtos/uCOS-III/Source/os_cfg_app.c **** #endif
  55:rtos/uCOS-III/Source/os_cfg_app.c **** 
  56:rtos/uCOS-III/Source/os_cfg_app.c **** /*
  57:rtos/uCOS-III/Source/os_cfg_app.c **** ***************************************************************************************************
  58:rtos/uCOS-III/Source/os_cfg_app.c **** *                                                    DATA STORAGE
  59:rtos/uCOS-III/Source/os_cfg_app.c **** ***************************************************************************************************
  60:rtos/uCOS-III/Source/os_cfg_app.c **** */
  61:rtos/uCOS-III/Source/os_cfg_app.c **** 
  62:rtos/uCOS-III/Source/os_cfg_app.c **** #if (OS_CFG_TASK_IDLE_EN > 0u)
  63:rtos/uCOS-III/Source/os_cfg_app.c **** CPU_STK        OSCfg_IdleTaskStk   [OS_CFG_IDLE_TASK_STK_SIZE];
  64:rtos/uCOS-III/Source/os_cfg_app.c **** #endif
  65:rtos/uCOS-III/Source/os_cfg_app.c **** 
  66:rtos/uCOS-III/Source/os_cfg_app.c **** #if (OS_CFG_ISR_STK_SIZE > 0u)
  67:rtos/uCOS-III/Source/os_cfg_app.c **** CPU_STK        OSCfg_ISRStk        [OS_CFG_ISR_STK_SIZE];
  68:rtos/uCOS-III/Source/os_cfg_app.c **** #endif
  69:rtos/uCOS-III/Source/os_cfg_app.c **** 
  70:rtos/uCOS-III/Source/os_cfg_app.c **** #if (OS_MSG_EN > 0u)
  71:rtos/uCOS-III/Source/os_cfg_app.c **** OS_MSG         OSCfg_MsgPool       [OS_CFG_MSG_POOL_SIZE];
  72:rtos/uCOS-III/Source/os_cfg_app.c **** #endif
  73:rtos/uCOS-III/Source/os_cfg_app.c **** 
  74:rtos/uCOS-III/Source/os_cfg_app.c **** #if (OS_CFG_STAT_TASK_EN > 0u)
  75:rtos/uCOS-III/Source/os_cfg_app.c **** CPU_STK        OSCfg_StatTaskStk   [OS_CFG_STAT_TASK_STK_SIZE];
  76:rtos/uCOS-III/Source/os_cfg_app.c **** #endif
  77:rtos/uCOS-III/Source/os_cfg_app.c **** 
  78:rtos/uCOS-III/Source/os_cfg_app.c **** #if (OS_CFG_TMR_EN > 0u)
  79:rtos/uCOS-III/Source/os_cfg_app.c **** CPU_STK        OSCfg_TmrTaskStk    [OS_CFG_TMR_TASK_STK_SIZE];
  80:rtos/uCOS-III/Source/os_cfg_app.c **** #endif
  81:rtos/uCOS-III/Source/os_cfg_app.c **** 
  82:rtos/uCOS-III/Source/os_cfg_app.c **** /*
  83:rtos/uCOS-III/Source/os_cfg_app.c **** ***************************************************************************************************
  84:rtos/uCOS-III/Source/os_cfg_app.c **** *                                                      CONSTANTS
  85:rtos/uCOS-III/Source/os_cfg_app.c **** ***************************************************************************************************
  86:rtos/uCOS-III/Source/os_cfg_app.c **** */
  87:rtos/uCOS-III/Source/os_cfg_app.c **** 
ARM GAS  /tmp/ccDk7j4k.s 			page 3


  88:rtos/uCOS-III/Source/os_cfg_app.c **** #if (OS_CFG_TASK_IDLE_EN > 0u)
  89:rtos/uCOS-III/Source/os_cfg_app.c **** CPU_STK      * const  OSCfg_IdleTaskStkBasePtr   = &OSCfg_IdleTaskStk[0];
  90:rtos/uCOS-III/Source/os_cfg_app.c **** CPU_STK_SIZE   const  OSCfg_IdleTaskStkLimit     =  OS_CFG_IDLE_TASK_STK_LIMIT;
  91:rtos/uCOS-III/Source/os_cfg_app.c **** CPU_STK_SIZE   const  OSCfg_IdleTaskStkSize      =  OS_CFG_IDLE_TASK_STK_SIZE;
  92:rtos/uCOS-III/Source/os_cfg_app.c **** CPU_INT32U     const  OSCfg_IdleTaskStkSizeRAM   =  sizeof(OSCfg_IdleTaskStk);
  93:rtos/uCOS-III/Source/os_cfg_app.c **** #else
  94:rtos/uCOS-III/Source/os_cfg_app.c **** CPU_STK      * const  OSCfg_IdleTaskStkBasePtr   = (CPU_STK *)0;
  95:rtos/uCOS-III/Source/os_cfg_app.c **** CPU_STK_SIZE   const  OSCfg_IdleTaskStkLimit     =            0u;
  96:rtos/uCOS-III/Source/os_cfg_app.c **** CPU_STK_SIZE   const  OSCfg_IdleTaskStkSize      =            0u;
  97:rtos/uCOS-III/Source/os_cfg_app.c **** CPU_INT32U     const  OSCfg_IdleTaskStkSizeRAM   =            0u;
  98:rtos/uCOS-III/Source/os_cfg_app.c **** #endif
  99:rtos/uCOS-III/Source/os_cfg_app.c **** 
 100:rtos/uCOS-III/Source/os_cfg_app.c **** #if (OS_CFG_ISR_STK_SIZE > 0u)
 101:rtos/uCOS-III/Source/os_cfg_app.c **** CPU_STK      * const  OSCfg_ISRStkBasePtr        = &OSCfg_ISRStk[0];
 102:rtos/uCOS-III/Source/os_cfg_app.c **** CPU_STK_SIZE   const  OSCfg_ISRStkSize           =  OS_CFG_ISR_STK_SIZE;
 103:rtos/uCOS-III/Source/os_cfg_app.c **** CPU_INT32U     const  OSCfg_ISRStkSizeRAM        =  sizeof(OSCfg_ISRStk);
 104:rtos/uCOS-III/Source/os_cfg_app.c **** #else
 105:rtos/uCOS-III/Source/os_cfg_app.c **** CPU_STK      * const  OSCfg_ISRStkBasePtr        =  (CPU_STK *)0;
 106:rtos/uCOS-III/Source/os_cfg_app.c **** CPU_STK_SIZE   const  OSCfg_ISRStkSize           =             0u;
 107:rtos/uCOS-III/Source/os_cfg_app.c **** CPU_INT32U     const  OSCfg_ISRStkSizeRAM        =             0u;
 108:rtos/uCOS-III/Source/os_cfg_app.c **** #endif
 109:rtos/uCOS-III/Source/os_cfg_app.c **** 
 110:rtos/uCOS-III/Source/os_cfg_app.c **** 
 111:rtos/uCOS-III/Source/os_cfg_app.c **** #if (OS_MSG_EN > 0u)
 112:rtos/uCOS-III/Source/os_cfg_app.c **** OS_MSG_SIZE    const  OSCfg_MsgPoolSize          =  OS_CFG_MSG_POOL_SIZE;
 113:rtos/uCOS-III/Source/os_cfg_app.c **** CPU_INT32U     const  OSCfg_MsgPoolSizeRAM       =  sizeof(OSCfg_MsgPool);
 114:rtos/uCOS-III/Source/os_cfg_app.c **** OS_MSG       * const  OSCfg_MsgPoolBasePtr       = &OSCfg_MsgPool[0];
 115:rtos/uCOS-III/Source/os_cfg_app.c **** #else
 116:rtos/uCOS-III/Source/os_cfg_app.c **** OS_MSG_SIZE    const  OSCfg_MsgPoolSize          =           0u;
 117:rtos/uCOS-III/Source/os_cfg_app.c **** CPU_INT32U     const  OSCfg_MsgPoolSizeRAM       =           0u;
 118:rtos/uCOS-III/Source/os_cfg_app.c **** OS_MSG       * const  OSCfg_MsgPoolBasePtr       = (OS_MSG *)0;
 119:rtos/uCOS-III/Source/os_cfg_app.c **** #endif
 120:rtos/uCOS-III/Source/os_cfg_app.c **** 
 121:rtos/uCOS-III/Source/os_cfg_app.c **** 
 122:rtos/uCOS-III/Source/os_cfg_app.c **** #if (OS_CFG_STAT_TASK_EN > 0u)
 123:rtos/uCOS-III/Source/os_cfg_app.c **** OS_PRIO        const  OSCfg_StatTaskPrio         =  OS_CFG_STAT_TASK_PRIO;
 124:rtos/uCOS-III/Source/os_cfg_app.c **** OS_RATE_HZ     const  OSCfg_StatTaskRate_Hz      =  OS_CFG_STAT_TASK_RATE_HZ;
 125:rtos/uCOS-III/Source/os_cfg_app.c **** CPU_STK      * const  OSCfg_StatTaskStkBasePtr   = &OSCfg_StatTaskStk[0];
 126:rtos/uCOS-III/Source/os_cfg_app.c **** CPU_STK_SIZE   const  OSCfg_StatTaskStkLimit     =  OS_CFG_STAT_TASK_STK_LIMIT;
 127:rtos/uCOS-III/Source/os_cfg_app.c **** CPU_STK_SIZE   const  OSCfg_StatTaskStkSize      =  OS_CFG_STAT_TASK_STK_SIZE;
 128:rtos/uCOS-III/Source/os_cfg_app.c **** CPU_INT32U     const  OSCfg_StatTaskStkSizeRAM   =  sizeof(OSCfg_StatTaskStk);
 129:rtos/uCOS-III/Source/os_cfg_app.c **** #else
 130:rtos/uCOS-III/Source/os_cfg_app.c **** OS_PRIO        const  OSCfg_StatTaskPrio         =            0u;
 131:rtos/uCOS-III/Source/os_cfg_app.c **** OS_RATE_HZ     const  OSCfg_StatTaskRate_Hz      =            0u;
 132:rtos/uCOS-III/Source/os_cfg_app.c **** CPU_STK      * const  OSCfg_StatTaskStkBasePtr   = (CPU_STK *)0;
 133:rtos/uCOS-III/Source/os_cfg_app.c **** CPU_STK_SIZE   const  OSCfg_StatTaskStkLimit     =            0u;
 134:rtos/uCOS-III/Source/os_cfg_app.c **** CPU_STK_SIZE   const  OSCfg_StatTaskStkSize      =            0u;
 135:rtos/uCOS-III/Source/os_cfg_app.c **** CPU_INT32U     const  OSCfg_StatTaskStkSizeRAM   =            0u;
 136:rtos/uCOS-III/Source/os_cfg_app.c **** #endif
 137:rtos/uCOS-III/Source/os_cfg_app.c **** 
 138:rtos/uCOS-III/Source/os_cfg_app.c **** 
 139:rtos/uCOS-III/Source/os_cfg_app.c **** CPU_STK_SIZE   const  OSCfg_StkSizeMin           =  OS_CFG_STK_SIZE_MIN;
 140:rtos/uCOS-III/Source/os_cfg_app.c **** 
 141:rtos/uCOS-III/Source/os_cfg_app.c **** 
 142:rtos/uCOS-III/Source/os_cfg_app.c **** #if (OS_CFG_TICK_EN > 0u)
 143:rtos/uCOS-III/Source/os_cfg_app.c **** OS_RATE_HZ     const  OSCfg_TickRate_Hz          =  OS_CFG_TICK_RATE_HZ;
 144:rtos/uCOS-III/Source/os_cfg_app.c **** #else
ARM GAS  /tmp/ccDk7j4k.s 			page 4


 145:rtos/uCOS-III/Source/os_cfg_app.c **** OS_RATE_HZ     const  OSCfg_TickRate_Hz          =  0u;
 146:rtos/uCOS-III/Source/os_cfg_app.c **** #endif
 147:rtos/uCOS-III/Source/os_cfg_app.c **** 
 148:rtos/uCOS-III/Source/os_cfg_app.c **** 
 149:rtos/uCOS-III/Source/os_cfg_app.c **** #if (OS_CFG_TMR_EN > 0u)
 150:rtos/uCOS-III/Source/os_cfg_app.c **** OS_PRIO        const  OSCfg_TmrTaskPrio          =  OS_CFG_TMR_TASK_PRIO;
 151:rtos/uCOS-III/Source/os_cfg_app.c **** OS_RATE_HZ     const  OSCfg_TmrTaskRate_Hz       =  OS_CFG_TMR_TASK_RATE_HZ;
 152:rtos/uCOS-III/Source/os_cfg_app.c **** CPU_STK      * const  OSCfg_TmrTaskStkBasePtr    = &OSCfg_TmrTaskStk[0];
 153:rtos/uCOS-III/Source/os_cfg_app.c **** CPU_STK_SIZE   const  OSCfg_TmrTaskStkLimit      =  OS_CFG_TMR_TASK_STK_LIMIT;
 154:rtos/uCOS-III/Source/os_cfg_app.c **** CPU_STK_SIZE   const  OSCfg_TmrTaskStkSize       =  OS_CFG_TMR_TASK_STK_SIZE;
 155:rtos/uCOS-III/Source/os_cfg_app.c **** CPU_INT32U     const  OSCfg_TmrTaskStkSizeRAM    =  sizeof(OSCfg_TmrTaskStk);
 156:rtos/uCOS-III/Source/os_cfg_app.c **** #else
 157:rtos/uCOS-III/Source/os_cfg_app.c **** OS_PRIO        const  OSCfg_TmrTaskPrio          =             0u;
 158:rtos/uCOS-III/Source/os_cfg_app.c **** OS_RATE_HZ     const  OSCfg_TmrTaskRate_Hz       =             0u;
 159:rtos/uCOS-III/Source/os_cfg_app.c **** CPU_STK      * const  OSCfg_TmrTaskStkBasePtr    =  (CPU_STK *)0;
 160:rtos/uCOS-III/Source/os_cfg_app.c **** CPU_STK_SIZE   const  OSCfg_TmrTaskStkLimit      =             0u;
 161:rtos/uCOS-III/Source/os_cfg_app.c **** CPU_STK_SIZE   const  OSCfg_TmrTaskStkSize       =             0u;
 162:rtos/uCOS-III/Source/os_cfg_app.c **** CPU_INT32U     const  OSCfg_TmrTaskStkSizeRAM    =             0u;
 163:rtos/uCOS-III/Source/os_cfg_app.c **** #endif
 164:rtos/uCOS-III/Source/os_cfg_app.c **** 
 165:rtos/uCOS-III/Source/os_cfg_app.c **** 
 166:rtos/uCOS-III/Source/os_cfg_app.c **** /*
 167:rtos/uCOS-III/Source/os_cfg_app.c **** ***************************************************************************************************
 168:rtos/uCOS-III/Source/os_cfg_app.c **** *                                         TOTAL SIZE OF APPLICATION CONFIGURATION
 169:rtos/uCOS-III/Source/os_cfg_app.c **** ***************************************************************************************************
 170:rtos/uCOS-III/Source/os_cfg_app.c **** */
 171:rtos/uCOS-III/Source/os_cfg_app.c **** 
 172:rtos/uCOS-III/Source/os_cfg_app.c **** CPU_INT32U     const  OSCfg_DataSizeRAM          = 0u
 173:rtos/uCOS-III/Source/os_cfg_app.c **** 
 174:rtos/uCOS-III/Source/os_cfg_app.c **** #if (OS_CFG_TASK_IDLE_EN > 0u)
 175:rtos/uCOS-III/Source/os_cfg_app.c ****                                                  + sizeof(OSCfg_IdleTaskStk)
 176:rtos/uCOS-III/Source/os_cfg_app.c **** #endif
 177:rtos/uCOS-III/Source/os_cfg_app.c **** 
 178:rtos/uCOS-III/Source/os_cfg_app.c **** #if (OS_MSG_EN > 0u)
 179:rtos/uCOS-III/Source/os_cfg_app.c ****                                                  + sizeof(OSCfg_MsgPool)
 180:rtos/uCOS-III/Source/os_cfg_app.c **** #endif
 181:rtos/uCOS-III/Source/os_cfg_app.c **** 
 182:rtos/uCOS-III/Source/os_cfg_app.c **** #if (OS_CFG_STAT_TASK_EN > 0u)
 183:rtos/uCOS-III/Source/os_cfg_app.c ****                                                  + sizeof(OSCfg_StatTaskStk)
 184:rtos/uCOS-III/Source/os_cfg_app.c **** #endif
 185:rtos/uCOS-III/Source/os_cfg_app.c **** 
 186:rtos/uCOS-III/Source/os_cfg_app.c **** #if (OS_CFG_TMR_EN > 0u)
 187:rtos/uCOS-III/Source/os_cfg_app.c ****                                                  + sizeof(OSCfg_TmrTaskStk)
 188:rtos/uCOS-III/Source/os_cfg_app.c **** #endif
 189:rtos/uCOS-III/Source/os_cfg_app.c **** 
 190:rtos/uCOS-III/Source/os_cfg_app.c **** #if (OS_CFG_ISR_STK_SIZE > 0u)
 191:rtos/uCOS-III/Source/os_cfg_app.c ****                                                  + sizeof(OSCfg_ISRStk)
 192:rtos/uCOS-III/Source/os_cfg_app.c **** #endif
 193:rtos/uCOS-III/Source/os_cfg_app.c **** 
 194:rtos/uCOS-III/Source/os_cfg_app.c ****                                                  + 0u;
 195:rtos/uCOS-III/Source/os_cfg_app.c **** 
 196:rtos/uCOS-III/Source/os_cfg_app.c **** 
 197:rtos/uCOS-III/Source/os_cfg_app.c **** 
 198:rtos/uCOS-III/Source/os_cfg_app.c **** /*
 199:rtos/uCOS-III/Source/os_cfg_app.c **** ***************************************************************************************************
 200:rtos/uCOS-III/Source/os_cfg_app.c **** *                                             OS CONFIGURATION INITIALIZATION
 201:rtos/uCOS-III/Source/os_cfg_app.c **** *
ARM GAS  /tmp/ccDk7j4k.s 			page 5


 202:rtos/uCOS-III/Source/os_cfg_app.c **** * Description: This function is used to make sure that debug variables that are unused in the appli
 203:rtos/uCOS-III/Source/os_cfg_app.c **** *              optimized away.  This function might not be necessary for all compilers.  In this ca
 204:rtos/uCOS-III/Source/os_cfg_app.c **** *              DELETE the code in this function while still leaving the declaration of the function
 205:rtos/uCOS-III/Source/os_cfg_app.c **** *
 206:rtos/uCOS-III/Source/os_cfg_app.c **** * Arguments  : none
 207:rtos/uCOS-III/Source/os_cfg_app.c **** *
 208:rtos/uCOS-III/Source/os_cfg_app.c **** * Returns    : none
 209:rtos/uCOS-III/Source/os_cfg_app.c **** *
 210:rtos/uCOS-III/Source/os_cfg_app.c **** * Note(s)    : (1) This code doesn't do anything, it simply prevents the compiler from optimizing o
 211:rtos/uCOS-III/Source/os_cfg_app.c **** *                  variables which are declared in this file.
 212:rtos/uCOS-III/Source/os_cfg_app.c **** *              (2) You may decide to 'compile out' the code (by using #if 0/#endif) INSIDE the func
 213:rtos/uCOS-III/Source/os_cfg_app.c **** *                  DOES NOT optimize out the 'const' variables above.
 214:rtos/uCOS-III/Source/os_cfg_app.c **** ***************************************************************************************************
 215:rtos/uCOS-III/Source/os_cfg_app.c **** */
 216:rtos/uCOS-III/Source/os_cfg_app.c **** 
 217:rtos/uCOS-III/Source/os_cfg_app.c **** void  OSCfg_Init (void)
 218:rtos/uCOS-III/Source/os_cfg_app.c **** {
  29              		.loc 1 218 1 view -0
  30              		.cfi_startproc
  31              		@ args = 0, pretend = 0, frame = 0
  32              		@ frame_needed = 0, uses_anonymous_args = 0
  33              		@ link register save eliminated.
 219:rtos/uCOS-III/Source/os_cfg_app.c ****     (void)OSCfg_DataSizeRAM;
  34              		.loc 1 219 5 view .LVU1
 220:rtos/uCOS-III/Source/os_cfg_app.c **** 
 221:rtos/uCOS-III/Source/os_cfg_app.c **** #if (OS_CFG_TASK_IDLE_EN > 0u)
 222:rtos/uCOS-III/Source/os_cfg_app.c ****     (void)OSCfg_IdleTaskStkBasePtr;
  35              		.loc 1 222 5 view .LVU2
 223:rtos/uCOS-III/Source/os_cfg_app.c ****     (void)OSCfg_IdleTaskStkLimit;
  36              		.loc 1 223 5 view .LVU3
 224:rtos/uCOS-III/Source/os_cfg_app.c ****     (void)OSCfg_IdleTaskStkSize;
  37              		.loc 1 224 5 view .LVU4
 225:rtos/uCOS-III/Source/os_cfg_app.c ****     (void)OSCfg_IdleTaskStkSizeRAM;
  38              		.loc 1 225 5 view .LVU5
 226:rtos/uCOS-III/Source/os_cfg_app.c **** #endif
 227:rtos/uCOS-III/Source/os_cfg_app.c **** 
 228:rtos/uCOS-III/Source/os_cfg_app.c ****     (void)OSCfg_ISRStkBasePtr;
  39              		.loc 1 228 5 view .LVU6
 229:rtos/uCOS-III/Source/os_cfg_app.c ****     (void)OSCfg_ISRStkSize;
  40              		.loc 1 229 5 view .LVU7
 230:rtos/uCOS-III/Source/os_cfg_app.c ****     (void)OSCfg_ISRStkSizeRAM;
  41              		.loc 1 230 5 view .LVU8
 231:rtos/uCOS-III/Source/os_cfg_app.c **** 
 232:rtos/uCOS-III/Source/os_cfg_app.c **** #if (OS_MSG_EN > 0u)
 233:rtos/uCOS-III/Source/os_cfg_app.c ****     (void)OSCfg_MsgPoolSize;
  42              		.loc 1 233 5 view .LVU9
 234:rtos/uCOS-III/Source/os_cfg_app.c ****     (void)OSCfg_MsgPoolSizeRAM;
  43              		.loc 1 234 5 view .LVU10
 235:rtos/uCOS-III/Source/os_cfg_app.c ****     (void)OSCfg_MsgPoolBasePtr;
  44              		.loc 1 235 5 view .LVU11
 236:rtos/uCOS-III/Source/os_cfg_app.c **** #endif
 237:rtos/uCOS-III/Source/os_cfg_app.c **** 
 238:rtos/uCOS-III/Source/os_cfg_app.c **** #if (OS_CFG_STAT_TASK_EN > 0u)
 239:rtos/uCOS-III/Source/os_cfg_app.c ****     (void)OSCfg_StatTaskPrio;
  45              		.loc 1 239 5 view .LVU12
 240:rtos/uCOS-III/Source/os_cfg_app.c ****     (void)OSCfg_StatTaskRate_Hz;
  46              		.loc 1 240 5 view .LVU13
ARM GAS  /tmp/ccDk7j4k.s 			page 6


 241:rtos/uCOS-III/Source/os_cfg_app.c ****     (void)OSCfg_StatTaskStkBasePtr;
  47              		.loc 1 241 5 view .LVU14
 242:rtos/uCOS-III/Source/os_cfg_app.c ****     (void)OSCfg_StatTaskStkLimit;
  48              		.loc 1 242 5 view .LVU15
 243:rtos/uCOS-III/Source/os_cfg_app.c ****     (void)OSCfg_StatTaskStkSize;
  49              		.loc 1 243 5 view .LVU16
 244:rtos/uCOS-III/Source/os_cfg_app.c ****     (void)OSCfg_StatTaskStkSizeRAM;
  50              		.loc 1 244 5 view .LVU17
 245:rtos/uCOS-III/Source/os_cfg_app.c **** #endif
 246:rtos/uCOS-III/Source/os_cfg_app.c **** 
 247:rtos/uCOS-III/Source/os_cfg_app.c ****     (void)OSCfg_StkSizeMin;
  51              		.loc 1 247 5 view .LVU18
 248:rtos/uCOS-III/Source/os_cfg_app.c **** 
 249:rtos/uCOS-III/Source/os_cfg_app.c **** #if (OS_CFG_TICK_EN > 0u)
 250:rtos/uCOS-III/Source/os_cfg_app.c ****     (void)OSCfg_TickRate_Hz;
  52              		.loc 1 250 5 view .LVU19
 251:rtos/uCOS-III/Source/os_cfg_app.c **** #endif
 252:rtos/uCOS-III/Source/os_cfg_app.c **** 
 253:rtos/uCOS-III/Source/os_cfg_app.c **** #if (OS_CFG_TMR_EN > 0u)
 254:rtos/uCOS-III/Source/os_cfg_app.c ****     (void)OSCfg_TmrTaskPrio;
  53              		.loc 1 254 5 view .LVU20
 255:rtos/uCOS-III/Source/os_cfg_app.c ****     (void)OSCfg_TmrTaskRate_Hz;
  54              		.loc 1 255 5 view .LVU21
 256:rtos/uCOS-III/Source/os_cfg_app.c ****     (void)OSCfg_TmrTaskStkBasePtr;
  55              		.loc 1 256 5 view .LVU22
 257:rtos/uCOS-III/Source/os_cfg_app.c ****     (void)OSCfg_TmrTaskStkLimit;
  56              		.loc 1 257 5 view .LVU23
 258:rtos/uCOS-III/Source/os_cfg_app.c ****     (void)OSCfg_TmrTaskStkSize;
  57              		.loc 1 258 5 view .LVU24
 259:rtos/uCOS-III/Source/os_cfg_app.c ****     (void)OSCfg_TmrTaskStkSizeRAM;
  58              		.loc 1 259 5 view .LVU25
 260:rtos/uCOS-III/Source/os_cfg_app.c **** #endif
 261:rtos/uCOS-III/Source/os_cfg_app.c **** }
  59              		.loc 1 261 1 is_stmt 0 view .LVU26
  60 0000 7047     		bx	lr
  61              		.cfi_endproc
  62              	.LFE0:
  64              		.global	OSCfg_DataSizeRAM
  65              		.global	OSCfg_TmrTaskStkSizeRAM
  66              		.global	OSCfg_TmrTaskStkSize
  67              		.global	OSCfg_TmrTaskStkLimit
  68              		.global	OSCfg_TmrTaskStkBasePtr
  69              		.global	OSCfg_TmrTaskRate_Hz
  70              		.global	OSCfg_TmrTaskPrio
  71              		.global	OSCfg_TickRate_Hz
  72              		.global	OSCfg_StkSizeMin
  73              		.global	OSCfg_StatTaskStkSizeRAM
  74              		.global	OSCfg_StatTaskStkSize
  75              		.global	OSCfg_StatTaskStkLimit
  76              		.global	OSCfg_StatTaskStkBasePtr
  77              		.global	OSCfg_StatTaskRate_Hz
  78              		.global	OSCfg_StatTaskPrio
  79              		.global	OSCfg_MsgPoolBasePtr
  80              		.global	OSCfg_MsgPoolSizeRAM
  81              		.global	OSCfg_MsgPoolSize
  82              		.global	OSCfg_ISRStkSizeRAM
  83              		.global	OSCfg_ISRStkSize
ARM GAS  /tmp/ccDk7j4k.s 			page 7


  84              		.global	OSCfg_ISRStkBasePtr
  85              		.global	OSCfg_IdleTaskStkSizeRAM
  86              		.global	OSCfg_IdleTaskStkSize
  87              		.global	OSCfg_IdleTaskStkLimit
  88              		.global	OSCfg_IdleTaskStkBasePtr
  89              		.comm	OSCfg_TmrTaskStk,512,4
  90              		.comm	OSCfg_StatTaskStk,400,4
  91              		.comm	OSCfg_MsgPool,384,4
  92              		.comm	OSCfg_ISRStk,512,4
  93              		.comm	OSCfg_IdleTaskStk,256,4
  94              		.section	.rodata.OSCfg_DataSizeRAM,"a"
  95              		.align	2
  98              	OSCfg_DataSizeRAM:
  99 0000 10080000 		.word	2064
 100              		.section	.rodata.OSCfg_ISRStkBasePtr,"a"
 101              		.align	2
 104              	OSCfg_ISRStkBasePtr:
 105 0000 00000000 		.word	OSCfg_ISRStk
 106              		.section	.rodata.OSCfg_ISRStkSize,"a"
 107              		.align	2
 110              	OSCfg_ISRStkSize:
 111 0000 80000000 		.word	128
 112              		.section	.rodata.OSCfg_ISRStkSizeRAM,"a"
 113              		.align	2
 116              	OSCfg_ISRStkSizeRAM:
 117 0000 00020000 		.word	512
 118              		.section	.rodata.OSCfg_IdleTaskStkBasePtr,"a"
 119              		.align	2
 122              	OSCfg_IdleTaskStkBasePtr:
 123 0000 00000000 		.word	OSCfg_IdleTaskStk
 124              		.section	.rodata.OSCfg_IdleTaskStkLimit,"a"
 125              		.align	2
 128              	OSCfg_IdleTaskStkLimit:
 129 0000 06000000 		.word	6
 130              		.section	.rodata.OSCfg_IdleTaskStkSize,"a"
 131              		.align	2
 134              	OSCfg_IdleTaskStkSize:
 135 0000 40000000 		.word	64
 136              		.section	.rodata.OSCfg_IdleTaskStkSizeRAM,"a"
 137              		.align	2
 140              	OSCfg_IdleTaskStkSizeRAM:
 141 0000 00010000 		.word	256
 142              		.section	.rodata.OSCfg_MsgPoolBasePtr,"a"
 143              		.align	2
 146              	OSCfg_MsgPoolBasePtr:
 147 0000 00000000 		.word	OSCfg_MsgPool
 148              		.section	.rodata.OSCfg_MsgPoolSize,"a"
 149              		.align	1
 152              	OSCfg_MsgPoolSize:
 153 0000 2000     		.short	32
 154              		.section	.rodata.OSCfg_MsgPoolSizeRAM,"a"
 155              		.align	2
 158              	OSCfg_MsgPoolSizeRAM:
 159 0000 80010000 		.word	384
 160              		.section	.rodata.OSCfg_StatTaskPrio,"a"
 163              	OSCfg_StatTaskPrio:
 164 0000 3E       		.byte	62
ARM GAS  /tmp/ccDk7j4k.s 			page 8


 165              		.section	.rodata.OSCfg_StatTaskRate_Hz,"a"
 166              		.align	2
 169              	OSCfg_StatTaskRate_Hz:
 170 0000 0A000000 		.word	10
 171              		.section	.rodata.OSCfg_StatTaskStkBasePtr,"a"
 172              		.align	2
 175              	OSCfg_StatTaskStkBasePtr:
 176 0000 00000000 		.word	OSCfg_StatTaskStk
 177              		.section	.rodata.OSCfg_StatTaskStkLimit,"a"
 178              		.align	2
 181              	OSCfg_StatTaskStkLimit:
 182 0000 0A000000 		.word	10
 183              		.section	.rodata.OSCfg_StatTaskStkSize,"a"
 184              		.align	2
 187              	OSCfg_StatTaskStkSize:
 188 0000 64000000 		.word	100
 189              		.section	.rodata.OSCfg_StatTaskStkSizeRAM,"a"
 190              		.align	2
 193              	OSCfg_StatTaskStkSizeRAM:
 194 0000 90010000 		.word	400
 195              		.section	.rodata.OSCfg_StkSizeMin,"a"
 196              		.align	2
 199              	OSCfg_StkSizeMin:
 200 0000 40000000 		.word	64
 201              		.section	.rodata.OSCfg_TickRate_Hz,"a"
 202              		.align	2
 205              	OSCfg_TickRate_Hz:
 206 0000 E8030000 		.word	1000
 207              		.section	.rodata.OSCfg_TmrTaskPrio,"a"
 210              	OSCfg_TmrTaskPrio:
 211 0000 3D       		.byte	61
 212              		.section	.rodata.OSCfg_TmrTaskRate_Hz,"a"
 213              		.align	2
 216              	OSCfg_TmrTaskRate_Hz:
 217 0000 0A000000 		.word	10
 218              		.section	.rodata.OSCfg_TmrTaskStkBasePtr,"a"
 219              		.align	2
 222              	OSCfg_TmrTaskStkBasePtr:
 223 0000 00000000 		.word	OSCfg_TmrTaskStk
 224              		.section	.rodata.OSCfg_TmrTaskStkLimit,"a"
 225              		.align	2
 228              	OSCfg_TmrTaskStkLimit:
 229 0000 0C000000 		.word	12
 230              		.section	.rodata.OSCfg_TmrTaskStkSize,"a"
 231              		.align	2
 234              	OSCfg_TmrTaskStkSize:
 235 0000 80000000 		.word	128
 236              		.section	.rodata.OSCfg_TmrTaskStkSizeRAM,"a"
 237              		.align	2
 240              	OSCfg_TmrTaskStkSizeRAM:
 241 0000 00020000 		.word	512
 242              		.text
 243              	.Letext0:
 244              		.file 2 "rtos/uC-CPU/ARM-Cortex-M/ARMv7-M/GNU/cpu.h"
 245              		.file 3 "rtos/uC-CPU/cpu_core.h"
 246              		.file 4 "rtos/uCOS-III/Source/os_type.h"
 247              		.file 5 "rtos/uCOS-III/Source/os.h"
ARM GAS  /tmp/ccDk7j4k.s 			page 9


 248              		.file 6 "rtos/uCOS-III/Ports/ARM-Cortex-M/ARMv7-M/GNU/os_cpu.h"
ARM GAS  /tmp/ccDk7j4k.s 			page 10


DEFINED SYMBOLS
                            *ABS*:0000000000000000 os_cfg_app.c
     /tmp/ccDk7j4k.s:18     .text.OSCfg_Init:0000000000000000 $t
     /tmp/ccDk7j4k.s:26     .text.OSCfg_Init:0000000000000000 OSCfg_Init
     /tmp/ccDk7j4k.s:98     .rodata.OSCfg_DataSizeRAM:0000000000000000 OSCfg_DataSizeRAM
     /tmp/ccDk7j4k.s:240    .rodata.OSCfg_TmrTaskStkSizeRAM:0000000000000000 OSCfg_TmrTaskStkSizeRAM
     /tmp/ccDk7j4k.s:234    .rodata.OSCfg_TmrTaskStkSize:0000000000000000 OSCfg_TmrTaskStkSize
     /tmp/ccDk7j4k.s:228    .rodata.OSCfg_TmrTaskStkLimit:0000000000000000 OSCfg_TmrTaskStkLimit
     /tmp/ccDk7j4k.s:222    .rodata.OSCfg_TmrTaskStkBasePtr:0000000000000000 OSCfg_TmrTaskStkBasePtr
     /tmp/ccDk7j4k.s:216    .rodata.OSCfg_TmrTaskRate_Hz:0000000000000000 OSCfg_TmrTaskRate_Hz
     /tmp/ccDk7j4k.s:210    .rodata.OSCfg_TmrTaskPrio:0000000000000000 OSCfg_TmrTaskPrio
     /tmp/ccDk7j4k.s:205    .rodata.OSCfg_TickRate_Hz:0000000000000000 OSCfg_TickRate_Hz
     /tmp/ccDk7j4k.s:199    .rodata.OSCfg_StkSizeMin:0000000000000000 OSCfg_StkSizeMin
     /tmp/ccDk7j4k.s:193    .rodata.OSCfg_StatTaskStkSizeRAM:0000000000000000 OSCfg_StatTaskStkSizeRAM
     /tmp/ccDk7j4k.s:187    .rodata.OSCfg_StatTaskStkSize:0000000000000000 OSCfg_StatTaskStkSize
     /tmp/ccDk7j4k.s:181    .rodata.OSCfg_StatTaskStkLimit:0000000000000000 OSCfg_StatTaskStkLimit
     /tmp/ccDk7j4k.s:175    .rodata.OSCfg_StatTaskStkBasePtr:0000000000000000 OSCfg_StatTaskStkBasePtr
     /tmp/ccDk7j4k.s:169    .rodata.OSCfg_StatTaskRate_Hz:0000000000000000 OSCfg_StatTaskRate_Hz
     /tmp/ccDk7j4k.s:163    .rodata.OSCfg_StatTaskPrio:0000000000000000 OSCfg_StatTaskPrio
     /tmp/ccDk7j4k.s:146    .rodata.OSCfg_MsgPoolBasePtr:0000000000000000 OSCfg_MsgPoolBasePtr
     /tmp/ccDk7j4k.s:158    .rodata.OSCfg_MsgPoolSizeRAM:0000000000000000 OSCfg_MsgPoolSizeRAM
     /tmp/ccDk7j4k.s:152    .rodata.OSCfg_MsgPoolSize:0000000000000000 OSCfg_MsgPoolSize
     /tmp/ccDk7j4k.s:116    .rodata.OSCfg_ISRStkSizeRAM:0000000000000000 OSCfg_ISRStkSizeRAM
     /tmp/ccDk7j4k.s:110    .rodata.OSCfg_ISRStkSize:0000000000000000 OSCfg_ISRStkSize
     /tmp/ccDk7j4k.s:104    .rodata.OSCfg_ISRStkBasePtr:0000000000000000 OSCfg_ISRStkBasePtr
     /tmp/ccDk7j4k.s:140    .rodata.OSCfg_IdleTaskStkSizeRAM:0000000000000000 OSCfg_IdleTaskStkSizeRAM
     /tmp/ccDk7j4k.s:134    .rodata.OSCfg_IdleTaskStkSize:0000000000000000 OSCfg_IdleTaskStkSize
     /tmp/ccDk7j4k.s:128    .rodata.OSCfg_IdleTaskStkLimit:0000000000000000 OSCfg_IdleTaskStkLimit
     /tmp/ccDk7j4k.s:122    .rodata.OSCfg_IdleTaskStkBasePtr:0000000000000000 OSCfg_IdleTaskStkBasePtr
                            *COM*:0000000000000200 OSCfg_TmrTaskStk
                            *COM*:0000000000000190 OSCfg_StatTaskStk
                            *COM*:0000000000000180 OSCfg_MsgPool
                            *COM*:0000000000000200 OSCfg_ISRStk
                            *COM*:0000000000000100 OSCfg_IdleTaskStk
     /tmp/ccDk7j4k.s:95     .rodata.OSCfg_DataSizeRAM:0000000000000000 $d
     /tmp/ccDk7j4k.s:101    .rodata.OSCfg_ISRStkBasePtr:0000000000000000 $d
     /tmp/ccDk7j4k.s:107    .rodata.OSCfg_ISRStkSize:0000000000000000 $d
     /tmp/ccDk7j4k.s:113    .rodata.OSCfg_ISRStkSizeRAM:0000000000000000 $d
     /tmp/ccDk7j4k.s:119    .rodata.OSCfg_IdleTaskStkBasePtr:0000000000000000 $d
     /tmp/ccDk7j4k.s:125    .rodata.OSCfg_IdleTaskStkLimit:0000000000000000 $d
     /tmp/ccDk7j4k.s:131    .rodata.OSCfg_IdleTaskStkSize:0000000000000000 $d
     /tmp/ccDk7j4k.s:137    .rodata.OSCfg_IdleTaskStkSizeRAM:0000000000000000 $d
     /tmp/ccDk7j4k.s:143    .rodata.OSCfg_MsgPoolBasePtr:0000000000000000 $d
     /tmp/ccDk7j4k.s:149    .rodata.OSCfg_MsgPoolSize:0000000000000000 $d
     /tmp/ccDk7j4k.s:155    .rodata.OSCfg_MsgPoolSizeRAM:0000000000000000 $d
     /tmp/ccDk7j4k.s:166    .rodata.OSCfg_StatTaskRate_Hz:0000000000000000 $d
     /tmp/ccDk7j4k.s:172    .rodata.OSCfg_StatTaskStkBasePtr:0000000000000000 $d
     /tmp/ccDk7j4k.s:178    .rodata.OSCfg_StatTaskStkLimit:0000000000000000 $d
     /tmp/ccDk7j4k.s:184    .rodata.OSCfg_StatTaskStkSize:0000000000000000 $d
     /tmp/ccDk7j4k.s:190    .rodata.OSCfg_StatTaskStkSizeRAM:0000000000000000 $d
     /tmp/ccDk7j4k.s:196    .rodata.OSCfg_StkSizeMin:0000000000000000 $d
     /tmp/ccDk7j4k.s:202    .rodata.OSCfg_TickRate_Hz:0000000000000000 $d
     /tmp/ccDk7j4k.s:213    .rodata.OSCfg_TmrTaskRate_Hz:0000000000000000 $d
     /tmp/ccDk7j4k.s:219    .rodata.OSCfg_TmrTaskStkBasePtr:0000000000000000 $d
     /tmp/ccDk7j4k.s:225    .rodata.OSCfg_TmrTaskStkLimit:0000000000000000 $d
     /tmp/ccDk7j4k.s:231    .rodata.OSCfg_TmrTaskStkSize:0000000000000000 $d
     /tmp/ccDk7j4k.s:237    .rodata.OSCfg_TmrTaskStkSizeRAM:0000000000000000 $d
ARM GAS  /tmp/ccDk7j4k.s 			page 11


                           .group:0000000000000000 wm4.0.0f5aa60db9403f389c005f20ecce4286
                           .group:0000000000000000 wm4.os_cfg_app.h.36.9d01bed009cfc3a5184d9a87250e45bf
                           .group:0000000000000000 wm4.os.h.38.05c7a360e844508f9424830362f7eef3
                           .group:0000000000000000 wm4.os_cfg.h.36.1682609214807c39119743015cd1b75b
                           .group:0000000000000000 wm4.cpu_core.h.51.7b35a59c319673f88ae4a256248776ec
                           .group:0000000000000000 wm4.cpu_def.h.46.baa122a2898bdc40bb50d1f21ead1515
                           .group:0000000000000000 wm4.cpu_cfg.h.45.38a6a562da8b04490c382a226238c57e
                           .group:0000000000000000 wm4.cpu.h.171.3cb15ee3ccb812cbfdf76d1fbfb9eda0
                           .group:0000000000000000 wm4.lib_def.h.66.6ab2a012067a8e1f4289db5765835062
                           .group:0000000000000000 wm4.cpu_core.h.143.d3b700e12b3a14ed3bee14c822b49a7d
                           .group:0000000000000000 wm4.os_cpu.h.45.281d793567585e56a091270c28fc7efc
                           .group:0000000000000000 wm4.os_trace.h.37.a6badbf6e748c370e142a9584653748e
                           .group:0000000000000000 wm4.os.h.95.7b45e7e080367d299efd03f7510809bc

NO UNDEFINED SYMBOLS
