ARM GAS  /tmp/cc7BX6LE.s 			page 1


   1              		.cpu cortex-m4
   2              		.eabi_attribute 27, 1
   3              		.eabi_attribute 28, 1
   4              		.eabi_attribute 20, 1
   5              		.eabi_attribute 21, 1
   6              		.eabi_attribute 23, 3
   7              		.eabi_attribute 24, 1
   8              		.eabi_attribute 25, 1
   9              		.eabi_attribute 26, 1
  10              		.eabi_attribute 30, 1
  11              		.eabi_attribute 34, 1
  12              		.eabi_attribute 18, 4
  13              		.file	"os_tls.c"
  14              		.text
  15              	.Ltext0:
  16              		.cfi_sections	.debug_frame
  17              	.Letext0:
  18              		.file 1 "rtos/uC-CPU/ARM-Cortex-M/ARMv7-M/GNU/cpu.h"
  19              		.file 2 "rtos/uC-CPU/cpu_core.h"
  20              		.file 3 "rtos/uCOS-III/TLS/NewLib/../../Source/os_type.h"
  21              		.file 4 "rtos/uCOS-III/TLS/NewLib/../../Source/os.h"
  22              		.file 5 "rtos/uCOS-III/Ports/ARM-Cortex-M/ARMv7-M/GNU/os_cpu.h"
ARM GAS  /tmp/cc7BX6LE.s 			page 2


DEFINED SYMBOLS
                            *ABS*:0000000000000000 os_tls.c
                           .group:0000000000000000 wm4.0.0f5aa60db9403f389c005f20ecce4286
                           .group:0000000000000000 wm4.os.h.38.05c7a360e844508f9424830362f7eef3
                           .group:0000000000000000 wm4.os_cfg.h.36.1682609214807c39119743015cd1b75b
                           .group:0000000000000000 wm4.os_cfg_app.h.36.9d01bed009cfc3a5184d9a87250e45bf
                           .group:0000000000000000 wm4.cpu_core.h.51.7b35a59c319673f88ae4a256248776ec
                           .group:0000000000000000 wm4.cpu_def.h.46.baa122a2898bdc40bb50d1f21ead1515
                           .group:0000000000000000 wm4.cpu_cfg.h.45.38a6a562da8b04490c382a226238c57e
                           .group:0000000000000000 wm4.cpu.h.171.3cb15ee3ccb812cbfdf76d1fbfb9eda0
                           .group:0000000000000000 wm4.lib_def.h.66.6ab2a012067a8e1f4289db5765835062
                           .group:0000000000000000 wm4.cpu_core.h.143.d3b700e12b3a14ed3bee14c822b49a7d
                           .group:0000000000000000 wm4.os_cpu.h.45.281d793567585e56a091270c28fc7efc
                           .group:0000000000000000 wm4.os_trace.h.37.a6badbf6e748c370e142a9584653748e
                           .group:0000000000000000 wm4.os.h.95.7b45e7e080367d299efd03f7510809bc

NO UNDEFINED SYMBOLS
