ARM GAS  /tmp/ccT1ag9C.s 			page 1


   1              		.cpu cortex-m4
   2              		.eabi_attribute 27, 1
   3              		.eabi_attribute 28, 1
   4              		.eabi_attribute 20, 1
   5              		.eabi_attribute 21, 1
   6              		.eabi_attribute 23, 3
   7              		.eabi_attribute 24, 1
   8              		.eabi_attribute 25, 1
   9              		.eabi_attribute 26, 1
  10              		.eabi_attribute 30, 1
  11              		.eabi_attribute 34, 1
  12              		.eabi_attribute 18, 4
  13              		.file	"os_var.c"
  14              		.text
  15              	.Ltext0:
  16              		.cfi_sections	.debug_frame
  17              		.comm	OSTCBHighRdyPtr,4,4
  18              		.comm	OSTCBCurPtr,4,4
  19              		.comm	OSTmrToTicksMult,4,4
  20              		.comm	OSTmrTaskTickBase,4,4
  21              		.comm	OSTmrTaskTCB,168,4
  22              		.comm	OSTmrMutex,24,4
  23              		.comm	OSTmrCond,16,4
  24              		.comm	OSTmrListPtr,4,4
  25              		.comm	OSTickList,4,4
  26              		.comm	OSTickCtr,4,4
  27              		.comm	OSTaskRegNextAvailID,1,1
  28              		.comm	OSTaskQty,2,2
  29              		.comm	OSTaskCtxSwCtr,4,4
  30              		.comm	OSStatTaskTCB,168,4
  31              		.comm	OSStatTaskRdy,1,1
  32              		.comm	OSStatTaskCtrRun,4,4
  33              		.comm	OSStatTaskCtrMax,4,4
  34              		.comm	OSStatTaskCtr,4,4
  35              		.comm	OSStatTaskCPUUsageMax,2,2
  36              		.comm	OSStatTaskCPUUsage,2,2
  37              		.comm	OSStatResetFlag,1,1
  38              		.comm	OSSchedRoundRobinEn,1,1
  39              		.comm	OSSchedRoundRobinDfltTimeQuanta,4,4
  40              		.comm	OSSchedLockNestingCtr,1,1
  41              		.comm	OSRdyList,512,4
  42              		.comm	OSPrioTbl,8,4
  43              		.comm	OSPrioHighRdy,1,1
  44              		.comm	OSPrioCur,1,1
  45              		.comm	OSMsgPool,8,4
  46              		.comm	OSISRStkUsed,4,4
  47              		.comm	OSISRStkFree,4,4
  48              		.comm	OSInitialized,1,1
  49              		.comm	OSRunning,1,1
  50              		.comm	OSIntNestingCtr,1,1
  51              		.comm	OSIdleTaskTCB,168,4
  52              		.comm	OS_AppTimeTickHookPtr,4,4
  53              		.comm	OS_AppTaskSwHookPtr,4,4
  54              		.comm	OS_AppStatTaskHookPtr,4,4
  55              		.comm	OS_AppIdleTaskHookPtr,4,4
  56              		.comm	OS_AppTaskReturnHookPtr,4,4
  57              		.comm	OS_AppTaskDelHookPtr,4,4
ARM GAS  /tmp/ccT1ag9C.s 			page 2


  58              		.comm	OS_AppTaskCreateHookPtr,4,4
  59              	.Letext0:
  60              		.file 1 "rtos/uC-CPU/ARM-Cortex-M/ARMv7-M/GNU/cpu.h"
  61              		.file 2 "rtos/uC-CPU/cpu_core.h"
  62              		.file 3 "rtos/uCOS-III/Source/os_type.h"
  63              		.file 4 "rtos/uCOS-III/Source/os.h"
  64              		.file 5 "rtos/uCOS-III/Ports/ARM-Cortex-M/ARMv7-M/GNU/os_cpu.h"
ARM GAS  /tmp/ccT1ag9C.s 			page 3


DEFINED SYMBOLS
                            *ABS*:0000000000000000 os_var.c
                            *COM*:0000000000000004 OSTCBHighRdyPtr
                            *COM*:0000000000000004 OSTCBCurPtr
                            *COM*:0000000000000004 OSTmrToTicksMult
                            *COM*:0000000000000004 OSTmrTaskTickBase
                            *COM*:00000000000000a8 OSTmrTaskTCB
                            *COM*:0000000000000018 OSTmrMutex
                            *COM*:0000000000000010 OSTmrCond
                            *COM*:0000000000000004 OSTmrListPtr
                            *COM*:0000000000000004 OSTickList
                            *COM*:0000000000000004 OSTickCtr
                            *COM*:0000000000000001 OSTaskRegNextAvailID
                            *COM*:0000000000000002 OSTaskQty
                            *COM*:0000000000000004 OSTaskCtxSwCtr
                            *COM*:00000000000000a8 OSStatTaskTCB
                            *COM*:0000000000000001 OSStatTaskRdy
                            *COM*:0000000000000004 OSStatTaskCtrRun
                            *COM*:0000000000000004 OSStatTaskCtrMax
                            *COM*:0000000000000004 OSStatTaskCtr
                            *COM*:0000000000000002 OSStatTaskCPUUsageMax
                            *COM*:0000000000000002 OSStatTaskCPUUsage
                            *COM*:0000000000000001 OSStatResetFlag
                            *COM*:0000000000000001 OSSchedRoundRobinEn
                            *COM*:0000000000000004 OSSchedRoundRobinDfltTimeQuanta
                            *COM*:0000000000000001 OSSchedLockNestingCtr
                            *COM*:0000000000000200 OSRdyList
                            *COM*:0000000000000008 OSPrioTbl
                            *COM*:0000000000000001 OSPrioHighRdy
                            *COM*:0000000000000001 OSPrioCur
                            *COM*:0000000000000008 OSMsgPool
                            *COM*:0000000000000004 OSISRStkUsed
                            *COM*:0000000000000004 OSISRStkFree
                            *COM*:0000000000000001 OSInitialized
                            *COM*:0000000000000001 OSRunning
                            *COM*:0000000000000001 OSIntNestingCtr
                            *COM*:00000000000000a8 OSIdleTaskTCB
                            *COM*:0000000000000004 OS_AppTimeTickHookPtr
                            *COM*:0000000000000004 OS_AppTaskSwHookPtr
                            *COM*:0000000000000004 OS_AppStatTaskHookPtr
                            *COM*:0000000000000004 OS_AppIdleTaskHookPtr
                            *COM*:0000000000000004 OS_AppTaskReturnHookPtr
                            *COM*:0000000000000004 OS_AppTaskDelHookPtr
                            *COM*:0000000000000004 OS_AppTaskCreateHookPtr
                           .group:0000000000000000 wm4.0.0f5aa60db9403f389c005f20ecce4286
                           .group:0000000000000000 wm4.os.h.38.05c7a360e844508f9424830362f7eef3
                           .group:0000000000000000 wm4.os_cfg.h.36.1682609214807c39119743015cd1b75b
                           .group:0000000000000000 wm4.os_cfg_app.h.36.9d01bed009cfc3a5184d9a87250e45bf
                           .group:0000000000000000 wm4.cpu_core.h.51.7b35a59c319673f88ae4a256248776ec
                           .group:0000000000000000 wm4.cpu_def.h.46.baa122a2898bdc40bb50d1f21ead1515
                           .group:0000000000000000 wm4.cpu_cfg.h.45.38a6a562da8b04490c382a226238c57e
                           .group:0000000000000000 wm4.cpu.h.171.3cb15ee3ccb812cbfdf76d1fbfb9eda0
                           .group:0000000000000000 wm4.lib_def.h.66.6ab2a012067a8e1f4289db5765835062
                           .group:0000000000000000 wm4.cpu_core.h.143.d3b700e12b3a14ed3bee14c822b49a7d
                           .group:0000000000000000 wm4.os_cpu.h.45.281d793567585e56a091270c28fc7efc
                           .group:0000000000000000 wm4.os_trace.h.37.a6badbf6e748c370e142a9584653748e
                           .group:0000000000000000 wm4.os.h.95.b6fe43e305cb912b60d49e0c1b24aa39
ARM GAS  /tmp/ccT1ag9C.s 			page 4



NO UNDEFINED SYMBOLS
