ARM GAS  /tmp/ccHdEJCe.s 			page 1


   1              		.cpu cortex-m4
   2              		.eabi_attribute 27, 1
   3              		.eabi_attribute 28, 1
   4              		.eabi_attribute 20, 1
   5              		.eabi_attribute 21, 1
   6              		.eabi_attribute 23, 3
   7              		.eabi_attribute 24, 1
   8              		.eabi_attribute 25, 1
   9              		.eabi_attribute 26, 1
  10              		.eabi_attribute 30, 1
  11              		.eabi_attribute 34, 1
  12              		.eabi_attribute 18, 4
  13              		.file	"stm32f4xx_hal_sai.c"
  14              		.text
  15              	.Ltext0:
  16              		.cfi_sections	.debug_frame
  17              	.Letext0:
  18              		.file 1 "/home/sijin/Git/ARM-Toolchain-Setup/gcc-arm-none-eabi/arm-none-eabi/include/machine/_defa
  19              		.file 2 "/home/sijin/Git/ARM-Toolchain-Setup/gcc-arm-none-eabi/arm-none-eabi/include/sys/_stdint.h
  20              		.file 3 "cmsis/Include/core_cm4.h"
  21              		.file 4 "cmsis/Device/ST/Include/system_stm32f4xx.h"
  22              		.file 5 "bsp/STMicroelectronics/stm32f413/stm32f4xx_hal_driver/Inc/stm32f4xx_hal.h"
ARM GAS  /tmp/ccHdEJCe.s 			page 2


DEFINED SYMBOLS
                            *ABS*:0000000000000000 stm32f4xx_hal_sai.c
                           .group:0000000000000000 wm4.0.0f5aa60db9403f389c005f20ecce4286
                           .group:0000000000000000 wm4.stm32f4xx_hal_conf.h.24.49915eda91abe45d897cb4b7f0e0c969
                           .group:0000000000000000 wm4.stm32f4xx.h.55.60c09cb5ab474e463c44285ed7739f1f
                           .group:0000000000000000 wm4.stm32f413xx.h.51.056d3d585e2d067bbb384490eebcddec
                           .group:0000000000000000 wm4._newlib_version.h.4.9ba035841e762c3308916a0ce96032e7
                           .group:0000000000000000 wm4.features.h.33.318b64d71e0957639cfb30f1db1f7ec8
                           .group:0000000000000000 wm4._default_types.h.15.247e5cd201eca3442cbf5404108c4935
                           .group:0000000000000000 wm4._intsup.h.10.cce27fed8484c08a33f522034c30d2b5
                           .group:0000000000000000 wm4._stdint.h.10.c24fa3af3bc1706662bb5593a907e841
                           .group:0000000000000000 wm4.stdint.h.23.d53047a68f4a85177f80b422d52785ed
                           .group:0000000000000000 wm4.cmsis_version.h.32.4d5822004c01a829a975260e854b5f8e
                           .group:0000000000000000 wm4.core_cm4.h.66.e4ff136c4a17abc46741866f64f8e729
                           .group:0000000000000000 wm4.cmsis_gcc.h.26.f42444deefab66ffa141b9b9fddb57a3
                           .group:0000000000000000 wm4.core_cm4.h.174.059a5e001a9e729091d1407208e93224
                           .group:0000000000000000 wm4.mpu_armv7.h.32.27b4593cb2f8d3152ca5d97a9d72b321
                           .group:0000000000000000 wm4.stm32f413xx.h.931.135ef1268ffd04ff90978aa2b475f8a0
                           .group:0000000000000000 wm4.stm32f4xx.h.212.729f0f890654645a3f47ccc0cc2b00e7
                           .group:0000000000000000 wm4.stm32_hal_legacy.h.23.394d12941f5a0482dbe3c36ee9e57b2b
                           .group:0000000000000000 wm4.stddef.h.39.144cf5ddcd53cbfdac30259dc1a6c87f
                           .group:0000000000000000 wm4.stm32f4xx_hal_def.h.58.2d2c85d5b9693a63e90566b806e8a752
                           .group:0000000000000000 wm4.stm32f4xx_hal_rcc_ex.h.22.5a8f849a3b0614ab22db1d7c22b7410a
                           .group:0000000000000000 wm4.stm32f4xx_hal_rcc.h.108.0c18a3cfc2dd91bdf92470b4bd0ea1b5
                           .group:0000000000000000 wm4.stm32f4xx_hal_exti.h.22.362bf341926a2fd3363cdafa6cac5f16
                           .group:0000000000000000 wm4.stm32f4xx_hal_gpio.h.22.be2c6bcf9722096ea8f49a41bf6aa50c
                           .group:0000000000000000 wm4.stm32f4xx_hal_gpio_ex.h.22.bf544e65d63b7ac4a13ca5f7938b821b
                           .group:0000000000000000 wm4.stm32f4xx_hal_gpio.h.264.978ac12eab1d3b3400b35b8c427e2c33
                           .group:0000000000000000 wm4.stm32f4xx_hal_dma.h.22.91874dedf3efdfd19ab60261dcf7928c
                           .group:0000000000000000 wm4.stm32f4xx_hal_dma.h.704.31aa663b064412fd28303766eb63eb65
                           .group:0000000000000000 wm4.stm32f4xx_hal_cortex.h.22.e6aa3b847b5388be63c32d1f9e696ef7
                           .group:0000000000000000 wm4.stm32f4xx_hal_flash.h.22.31b301be2655c3eb8583e51c8231544a
                           .group:0000000000000000 wm4.stm32f4xx_hal_flash_ex.h.22.ebebea52434d28454b2b987fa9e698fc
                           .group:0000000000000000 wm4.stm32f4xx_hal_flash.h.363.51efdf0f6c88f683efb89d7cc95cc1be
                           .group:0000000000000000 wm4.stm32f4xx_hal_pwr.h.22.2c27d93ae187efe3a73816f03a329970
                           .group:0000000000000000 wm4.stm32f4xx_hal_pwr_ex.h.22.a735ba4f49c5b2574a98d58f3b7ae925
                           .group:0000000000000000 wm4.stm32f4xx_hal_pwr.h.337.60b43975c84527a23cb6994b23165a5e
                           .group:0000000000000000 wm4.stm32f4xx_hal.h.72.7cab665cef831b3c8c4718884b1ec523

NO UNDEFINED SYMBOLS
